<?xml version="1.0" encoding="UTF-8"?>
<!-- Generated by org.testng.reporters.JUnitXMLReporter -->
<testsuite ignored="0" hostname="DESKTOP-IQ1N7QH" failures="1" tests="1" name="Test" time="53.846" errors="0" timestamp="2023-02-18T09:57:12 IST">
  <testcase classname="lws.selenium.testcases.LocationTest" name="TC003_location" time="44.33">
    <failure type="com.lws.exceptions.AutomationException" message="Exception in com.lws.action.UIActions.tapUsingLocatorType()">
      <![CDATA[com.lws.exceptions.AutomationException: Exception in com.lws.action.UIActions.tapUsingLocatorType()
at com.lws.action.UIActions.tapUsingLocatorType(UIActions.java:106)
at com.lws.testhelper.LocationHelper.location(LocationHelper.java:18)
at lws.selenium.testcases.LocationTest.TC003_location(LocationTest.java:23)
at java.base/java.util.ArrayList.forEach(ArrayList.java:1511)
Caused by: org.openqa.selenium.ElementNotInteractableException: element not interactable
  (Session info: chrome=109.0.5414.120)
Build info: version: '3.141.59', revision: 'e82be7d358', time: '2018-11-14T08:17:03'
System info: host: 'DESKTOP-IQ1N7QH', ip: '192.168.0.106', os.name: 'Windows 10', os.arch: 'amd64', os.version: '10.0', java.version: '17.0.4.1'
Driver info: org.openqa.selenium.chrome.ChromeDriver
Capabilities {acceptInsecureCerts: false, browserName: chrome, browserVersion: 109.0.5414.120, chrome: {chromedriverVersion: 109.0.5414.74 (e7c5703604da..., userDataDir: C:\Users\HP14S~1\AppData\Lo...}, goog:chromeOptions: {debuggerAddress: localhost:52593}, javascriptEnabled: true, networkConnectionEnabled: false, pageLoadStrategy: normal, platform: WINDOWS, platformName: WINDOWS, proxy: Proxy(), setWindowRect: true, strictFileInteractability: false, timeouts: {implicit: 0, pageLoad: 300000, script: 30000}, unhandledPromptBehavior: dismiss and notify, webauthn:extension:credBlob: true, webauthn:extension:largeBlob: true, webauthn:virtualAuthenticators: true}
Session ID: b47d2679e45dac12f1a46d8ec55857ee
at org.openqa.selenium.remote.http.W3CHttpResponseCodec.createException(W3CHttpResponseCodec.java:187)
at org.openqa.selenium.remote.http.W3CHttpResponseCodec.decode(W3CHttpResponseCodec.java:122)
at org.openqa.selenium.remote.http.W3CHttpResponseCodec.decode(W3CHttpResponseCodec.java:49)
at org.openqa.selenium.remote.HttpCommandExecutor.execute(HttpCommandExecutor.java:158)
at org.openqa.selenium.remote.service.DriverCommandExecutor.execute(DriverCommandExecutor.java:83)
at org.openqa.selenium.remote.RemoteWebDriver.execute(RemoteWebDriver.java:552)
at org.openqa.selenium.remote.RemoteWebElement.execute(RemoteWebElement.java:285)
at org.openqa.selenium.remote.RemoteWebElement.click(RemoteWebElement.java:84)
at com.lws.action.UIActions.tapUsingLocatorType(UIActions.java:99)
... 30 more
... Removed 32 stack frames]]>
    </failure>
  </testcase> <!-- TC003_location -->
</testsuite> <!-- Test -->
