<?xml version="1.0" encoding="UTF-8"?>
<!-- Generated by org.testng.reporters.JUnitReportReporter -->
<testsuite hostname="DESKTOP-UG4A5PN" failures="0" tests="12" name="lws.selenium.testcases.Producthelper" time="-1676300928.000" errors="1" timestamp="2023-02-13T20:38:48 IST" skipped="11">
  <testcase classname="lws.selenium.testcases.Producthelper" name="setup" time="-1676300928.000">
    <error message="
Parameter &#039;browserName&#039; is required by BeforeClass on method setup but has not been marked @Optional or defined
in C:\Users\Lanware\eclipse-workspace\Project\K2_Project\testng.xml" type="org.testng.TestNGException">
      <![CDATA[org.testng.TestNGException: 
Parameter 'browserName' is required by BeforeClass on method setup but has not been marked @Optional or defined
in C:\Users\Lanware\eclipse-workspace\Project\K2_Project\testng.xml
at org.testng.internal.Parameters.createParams(Parameters.java:270)
at org.testng.internal.Parameters.createParametersForMethod(Parameters.java:358)
at org.testng.internal.Parameters.createParameters(Parameters.java:700)
at org.testng.internal.Parameters.createConfigurationParameters(Parameters.java:168)
at org.testng.internal.ConfigInvoker.invokeConfigurations(ConfigInvoker.java:302)
at org.testng.internal.TestMethodWorker.invokeBeforeClassMethods(TestMethodWorker.java:176)
at org.testng.internal.TestMethodWorker.run(TestMethodWorker.java:122)
at java.base/java.util.ArrayList.forEach(ArrayList.java:1511)
at org.testng.TestRunner.privateRun(TestRunner.java:794)
at org.testng.TestRunner.run(TestRunner.java:596)
at org.testng.SuiteRunner.runTest(SuiteRunner.java:377)
at org.testng.SuiteRunner.runSequentially(SuiteRunner.java:371)
at org.testng.SuiteRunner.privateRun(SuiteRunner.java:332)
at org.testng.SuiteRunner.run(SuiteRunner.java:276)
at org.testng.SuiteRunnerWorker.runSuite(SuiteRunnerWorker.java:53)
at org.testng.SuiteRunnerWorker.run(SuiteRunnerWorker.java:96)
at org.testng.TestNG.runSuitesSequentially(TestNG.java:1212)
at org.testng.TestNG.runSuitesLocally(TestNG.java:1134)
at org.testng.TestNG.runSuites(TestNG.java:1063)
at org.testng.TestNG.run(TestNG.java:1031)
at org.testng.remote.AbstractRemoteTestNG.run(AbstractRemoteTestNG.java:115)
at org.testng.remote.RemoteTestNG.initAndRun(RemoteTestNG.java:251)
at org.testng.remote.RemoteTestNG.main(RemoteTestNG.java:77)
]]>
    </error>
  </testcase> <!-- setup -->
  <system-out/>
  <testcase classname="lws.selenium.testcases.Producthelper" name="LoginPage" time="0.000">
    <skipped/>
  </testcase> <!-- LoginPage -->
  <system-out/>
  <testcase classname="lws.selenium.testcases.Producthelper" name="TC001_LoginValidCase" time="0.000">
    <skipped/>
  </testcase> <!-- TC001_LoginValidCase -->
  <system-out/>
  <testcase classname="lws.selenium.testcases.Producthelper" name="TC003_SelectOrganization" time="0.000">
    <skipped/>
  </testcase> <!-- TC003_SelectOrganization -->
  <system-out/>
  <testcase classname="lws.selenium.testcases.Producthelper" name="TC004_SelectAccount" time="0.000">
    <skipped/>
  </testcase> <!-- TC004_SelectAccount -->
  <system-out/>
  <testcase classname="lws.selenium.testcases.Producthelper" name="TC005_location" time="0.000">
    <skipped/>
  </testcase> <!-- TC005_location -->
  <system-out/>
  <testcase classname="lws.selenium.testcases.Producthelper" name="TC005_ClickUser" time="0.000">
    <skipped/>
  </testcase> <!-- TC005_ClickUser -->
  <system-out/>
  <testcase classname="lws.selenium.testcases.Producthelper" name="TC006_AddRoles" time="0.000">
    <skipped/>
  </testcase> <!-- TC006_AddRoles -->
  <system-out/>
  <testcase classname="lws.selenium.testcases.Producthelper" name="TC006_DeleteUser" time="0.000">
    <skipped/>
  </testcase> <!-- TC006_DeleteUser -->
  <system-out/>
  <testcase classname="lws.selenium.testcases.Producthelper" name="TC007_Permission" time="0.000">
    <skipped/>
  </testcase> <!-- TC007_Permission -->
  <system-out/>
  <testcase classname="lws.selenium.testcases.Producthelper" name="TC008_UsersLocaters" time="0.000">
    <skipped/>
  </testcase> <!-- TC008_UsersLocaters -->
  <system-out/>
  <testcase classname="lws.selenium.testcases.Producthelper" name="TC011_product">
    <skipped/>
  </testcase> <!-- TC011_product -->
  <system-out/>
</testsuite> <!-- lws.selenium.testcases.Producthelper -->
